<?xml version="1.0" encoding="UTF-8"?>
<robot generator="Robot 4.0 (Python 3.9.4 on win32)" generated="20210407 18:42:42.923" rpa="false" schemaversion="2">
<suite id="s1" name="Helloworld" source="C:\Users\areid\eclipse-workspace\Helloworld">
<suite id="s1-s1" name="Testsuite1" source="C:\Users\areid\eclipse-workspace\Helloworld\testsuite1.robot">
<test id="s1-s1-t1" name="MyHelloWork">
<kw name="Log" library="BuiltIn">
<arg>Hello World..</arg>
<doc>Logs the given message with the given level.</doc>
<msg timestamp="20210407 18:42:43.292" level="INFO">Hello World..</msg>
<status status="PASS" starttime="20210407 18:42:43.290" endtime="20210407 18:42:43.294"/>
</kw>
<tag>sanity</tag>
<status status="PASS" starttime="20210407 18:42:43.290" endtime="20210407 18:42:43.294"/>
</test>
<test id="s1-s1-t2" name="FirstSeleniumTest">
<kw name="Open Browser" library="SeleniumLibrary">
<arg>https://google.com</arg>
<arg>chrome</arg>
<doc>Opens a new browser instance to the optional ``url``.</doc>
<msg timestamp="20210407 18:42:43.296" level="INFO">Opening browser 'chrome' to base url 'https://google.com'.</msg>
<status status="PASS" starttime="20210407 18:42:43.296" endtime="20210407 18:42:46.301"/>
</kw>
<kw name="Set Browser Implicit Wait" library="SeleniumLibrary">
<arg>5</arg>
<doc>Sets the implicit wait value used by Selenium.</doc>
<status status="PASS" starttime="20210407 18:42:46.301" endtime="20210407 18:42:46.303"/>
</kw>
<kw name="Input Text" library="SeleniumLibrary">
<arg>name=q</arg>
<arg>Automation step</arg>
<doc>Types the given ``text`` into the text field identified by ``locator``.</doc>
<msg timestamp="20210407 18:42:46.305" level="INFO">Typing text 'Automation step' into text field 'name=q'.</msg>
<status status="PASS" starttime="20210407 18:42:46.304" endtime="20210407 18:42:46.435"/>
</kw>
<kw name="Click Button" library="SeleniumLibrary">
<arg>name=btnK</arg>
<doc>Clicks the button identified by ``locator``.</doc>
<msg timestamp="20210407 18:42:46.436" level="INFO">Clicking button 'name=btnK'.</msg>
<status status="PASS" starttime="20210407 18:42:46.435" endtime="20210407 18:42:47.829"/>
</kw>
<kw name="Sleep" library="BuiltIn">
<arg>2</arg>
<doc>Pauses the test executed for the given time.</doc>
<msg timestamp="20210407 18:42:49.835" level="INFO">Slept 2 seconds</msg>
<status status="PASS" starttime="20210407 18:42:47.830" endtime="20210407 18:42:49.836"/>
</kw>
<kw name="Close Browser" library="SeleniumLibrary">
<doc>Closes the current browser.</doc>
<status status="PASS" starttime="20210407 18:42:49.837" endtime="20210407 18:42:51.993"/>
</kw>
<kw name="Log" library="BuiltIn">
<arg>Test Complete</arg>
<doc>Logs the given message with the given level.</doc>
<msg timestamp="20210407 18:42:51.996" level="INFO">Test Complete</msg>
<status status="PASS" starttime="20210407 18:42:51.994" endtime="20210407 18:42:51.996"/>
</kw>
<tag>sanity</tag>
<status status="PASS" starttime="20210407 18:42:43.295" endtime="20210407 18:42:51.996"/>
</test>
<test id="s1-s1-t3" name="SampleLoginTest">
<kw name="Open Browser" library="SeleniumLibrary">
<arg>${URL}</arg>
<arg>chrome</arg>
<doc>Opens a new browser instance to the optional ``url``.</doc>
<msg timestamp="20210407 18:42:52.000" level="INFO">Opening browser 'chrome' to base url 'https://opensource-demo.orangehrmlive.com/'.</msg>
<status status="PASS" starttime="20210407 18:42:51.999" endtime="20210407 18:42:54.800"/>
</kw>
<kw name="Set Browser Implicit Wait" library="SeleniumLibrary">
<arg>5</arg>
<doc>Sets the implicit wait value used by Selenium.</doc>
<status status="PASS" starttime="20210407 18:42:54.800" endtime="20210407 18:42:54.803"/>
</kw>
<kw name="LoginKW">
<kw name="Input Text" library="SeleniumLibrary">
<arg>id=txtUsername</arg>
<arg>${CRED}[0]</arg>
<doc>Types the given ``text`` into the text field identified by ``locator``.</doc>
<msg timestamp="20210407 18:42:54.805" level="INFO">Typing text 'Admin' into text field 'id=txtUsername'.</msg>
<status status="PASS" starttime="20210407 18:42:54.804" endtime="20210407 18:42:54.915"/>
</kw>
<kw name="Input Password" library="SeleniumLibrary">
<arg>id=txtPassword</arg>
<arg>admin123</arg>
<doc>Types the given password into the text field identified by ``locator``.</doc>
<msg timestamp="20210407 18:42:54.915" level="INFO">Typing password into text field 'id=txtPassword'.</msg>
<msg timestamp="20210407 18:42:54.966" level="INFO">Temporally setting log level to: NONE</msg>
<msg timestamp="20210407 18:42:55.024" level="INFO">Log level changed from NONE to INFO.</msg>
<status status="PASS" starttime="20210407 18:42:54.915" endtime="20210407 18:42:55.024"/>
</kw>
<kw name="Click Button" library="SeleniumLibrary">
<arg>id=btnLogin</arg>
<doc>Clicks the button identified by ``locator``.</doc>
<msg timestamp="20210407 18:42:55.025" level="INFO">Clicking button 'id=btnLogin'.</msg>
<status status="PASS" starttime="20210407 18:42:55.025" endtime="20210407 18:42:56.290"/>
</kw>
<status status="PASS" starttime="20210407 18:42:54.803" endtime="20210407 18:42:56.291"/>
</kw>
<kw name="Click Element" library="SeleniumLibrary">
<arg>id=welcome</arg>
<doc>Click the element identified by ``locator``.</doc>
<msg timestamp="20210407 18:42:56.291" level="INFO">Clicking element 'id=welcome'.</msg>
<status status="PASS" starttime="20210407 18:42:56.291" endtime="20210407 18:42:56.696"/>
</kw>
<kw name="Click Element" library="SeleniumLibrary">
<arg>link=Logout</arg>
<doc>Click the element identified by ``locator``.</doc>
<msg timestamp="20210407 18:42:56.698" level="INFO">Clicking element 'link=Logout'.</msg>
<status status="PASS" starttime="20210407 18:42:56.697" endtime="20210407 18:42:57.158"/>
</kw>
<kw name="Close Browser" library="SeleniumLibrary">
<doc>Closes the current browser.</doc>
<status status="PASS" starttime="20210407 18:42:57.159" endtime="20210407 18:42:59.313"/>
</kw>
<kw name="Log" library="BuiltIn">
<arg>Test completed</arg>
<doc>Logs the given message with the given level.</doc>
<msg timestamp="20210407 18:42:59.316" level="INFO">Test completed</msg>
<status status="PASS" starttime="20210407 18:42:59.314" endtime="20210407 18:42:59.316"/>
</kw>
<kw name="Log" library="BuiltIn">
<arg>This was on env %{OS}</arg>
<doc>Logs the given message with the given level.</doc>
<msg timestamp="20210407 18:42:59.317" level="INFO">This was on env Windows_NT</msg>
<status status="PASS" starttime="20210407 18:42:59.317" endtime="20210407 18:42:59.318"/>
</kw>
<tag>sanity</tag>
<status status="PASS" starttime="20210407 18:42:51.998" endtime="20210407 18:42:59.318"/>
</test>
<status status="PASS" starttime="20210407 18:42:43.002" endtime="20210407 18:42:59.320"/>
</suite>
<status status="PASS" starttime="20210407 18:42:42.969" endtime="20210407 18:42:59.322"/>
</suite>
<statistics>
<total>
<stat pass="3" fail="0" skip="0">All Tests</stat>
</total>
<tag>
<stat pass="3" fail="0" skip="0">sanity</stat>
</tag>
<suite>
<stat pass="3" fail="0" skip="0" id="s1" name="Helloworld">Helloworld</stat>
<stat pass="3" fail="0" skip="0" id="s1-s1" name="Testsuite1">Helloworld.Testsuite1</stat>
</suite>
</statistics>
<errors>
</errors>
</robot>
